=== build scaling  D=50 N=20000 ===
build_mode         P    build(ms)   speedup
serial             1        5.354      1.00
serial             2        5.815      0.92
serial             4        5.337      1.00
serial             8        5.568      0.96
parallel-tasks     1        5.355      1.00
parallel-tasks     2       12.194      0.44
parallel-tasks     4       19.941      0.27
parallel-tasks     8       30.982      0.17
parallel-flat      1        5.346      1.00
parallel-flat      2        3.110      1.72
parallel-flat      4        2.061      2.59
parallel-flat      8        2.325      2.30
wrote results/kdtree_build_D50_N20000.csv

=== query scaling  D=50 N=20000 ===
query_mode         P    brute(ms)    query(ms)     us/query  S_thread   S_brute
serial             1      207.868      467.139        934.3      1.00      0.44
serial             2      106.402      245.556        491.1      1.90      0.43
serial             4       82.301      125.171        250.3      3.73      0.66
serial             8       52.825       96.006        192.0      4.87      0.55
local-heaps        1      208.974      472.103        944.2      1.00      0.44
local-heaps        2      105.821      250.341        500.7      1.89      0.42
local-heaps        4       53.584      142.157        284.3      3.32      0.38
local-heaps        8       42.926      142.951        285.9      3.30      0.30
atomic-global      1      209.893      489.906        979.8      1.00      0.43
atomic-global      2      104.863      256.965        513.9      1.91      0.41
atomic-global      4       53.756      166.003        332.0      2.95      0.32
atomic-global      8       70.734      278.439        556.9      1.76      0.25
wrote results/kdtree_query_D50_N20000.csv
saved -> results/kdtree_D50_N20000.png
